-------trust results-------
This is the 1 round.
Sample size: 50
Total number of edges: 54
./data/trust/sample_50.csv
Start time:0.02576

Queried tuple: 1 2
Start time:1.22587
------------------------------------------------
Sample size: 100
Total number of edges: 99
./data/trust/sample_100.csv
Start time:0.030508

Queried tuple: 1 2
Start time:2.58278
------------------------------------------------
Sample size: 150
Total number of edges: 149
./data/trust/sample_150.csv
Start time:0.018846

Queried tuple: 1 5
Start time:29.8543
------------------------------------------------
Sample size: 200
Total number of edges: 201
./data/trust/sample_200.csv
Start time:0.027265

Queried tuple: 1 2
Start time:79.52
------------------------------------------------
Sample size: 250
Total number of edges: 248
./data/trust/sample_250.csv
Start time:0.031672

Queried tuple: 1 4
Start time:248.269
------------------------------------------------
Sample size: 300
Total number of edges: 302
./data/trust/sample_300.csv
Start time:0.03456

Queried tuple: 1 2
Start time:480.077
------------------------------------------------
Sample size: 350
Total number of edges: 345
./data/trust/sample_350.csv
Start time:0.031121

Queried tuple: 1 2
Start time:481.704
------------------------------------------------
Sample size: 400
Total number of edges: 398
./data/trust/sample_400.csv
Start time:0.018473

Queried tuple: 1 2
Start time:993.641
------------------------------------------------
Sample size: 450
Total number of edges: 446
./data/trust/sample_450.csv
Start time:0.035051

Queried tuple: 1 2
Start time:2182.52
------------------------------------------------
Sample size: 500
Total number of edges: 505
./data/trust/sample_500.csv
Start time:0.030456

Queried tuple: 1 4
Start time:3176.31
------------------------------------------------
This is the 2 round.
Sample size: 50
Total number of edges: 49
./data/trust/sample_50.csv
Start time:0.032406

Queried tuple: 1 2
Start time:1.09821
------------------------------------------------
Sample size: 100
Total number of edges: 105
./data/trust/sample_100.csv
Start time:0.031392

Queried tuple: 1 2
Start time:7.16404
------------------------------------------------
Sample size: 150
Total number of edges: 149
./data/trust/sample_150.csv
Start time:0.031475

Queried tuple: 1 2
Start time:35.2514
------------------------------------------------
Sample size: 200
Total number of edges: 198
./data/trust/sample_200.csv
Start time:0.033269

Queried tuple: 1 2
Start time:83.0988
------------------------------------------------
Sample size: 250
Total number of edges: 248
./data/trust/sample_250.csv
Start time:0.03181

Queried tuple: 1 2
Start time:121.088
------------------------------------------------
Sample size: 300
Total number of edges: 299
./data/trust/sample_300.csv
Start time:0.020391

Queried tuple: 1 2
Start time:302.506
------------------------------------------------
Sample size: 350
Total number of edges: 345
./data/trust/sample_350.csv
Start time:0.030072

Queried tuple: 1 2
Start time:637.839
------------------------------------------------
Sample size: 400
Total number of edges: 395
./data/trust/sample_400.csv
Start time:0.034072

Queried tuple: 1 2
Start time:1071.13
------------------------------------------------
Sample size: 450
Total number of edges: 453
./data/trust/sample_450.csv
Start time:0.034516

Queried tuple: 1 2
Start time:1574.47
------------------------------------------------
Sample size: 500
Total number of edges: 500
./data/trust/sample_500.csv
Start time:0.034173

Queried tuple: 1 2
Start time:3157.66
------------------------------------------------
This is the 3 round.
Sample size: 50
Total number of edges: 48
./data/trust/sample_50.csv
Start time:0.031572

Queried tuple: 1 4
Start time:0.941193
------------------------------------------------
Sample size: 100
Total number of edges: 105
./data/trust/sample_100.csv
Start time:0.021169

Queried tuple: 1 2
Start time:5.06611
------------------------------------------------
Sample size: 150
Total number of edges: 152
./data/trust/sample_150.csv
Start time:0.020753

Queried tuple: 1 2
Start time:19.7342
------------------------------------------------
Sample size: 200
Total number of edges: 197
./data/trust/sample_200.csv
Start time:0.03247

Queried tuple: 1 2
Start time:62.7217
------------------------------------------------
Sample size: 250
Total number of edges: 252
./data/trust/sample_250.csv
Start time:0.021795

Queried tuple: 1 2
Start time:201.106
------------------------------------------------
Sample size: 300
Total number of edges: 304
./data/trust/sample_300.csv
Start time:0.030068

Queried tuple: 1 2
Start time:446.455
------------------------------------------------
Sample size: 350
Total number of edges: 346
./data/trust/sample_350.csv
Start time:0.03261

Queried tuple: 1 2
Start time:488.149
------------------------------------------------
Sample size: 400
Total number of edges: 400
./data/trust/sample_400.csv
Start time:0.033654

Queried tuple: 1 4
Start time:1203.78
------------------------------------------------
Sample size: 450
Total number of edges: 454
./data/trust/sample_450.csv
Start time:0.0303

Queried tuple: 1 2
Start time:1910.92
------------------------------------------------
Sample size: 500
Total number of edges: 495
./data/trust/sample_500.csv
Start time:0.032959

Queried tuple: 1 2
Start time:2063.26
------------------------------------------------
This is the 4 round.
Sample size: 50
Total number of edges: 46
./data/trust/sample_50.csv
Start time:0.034736

Queried tuple: 1 4
Start time:0.822603
------------------------------------------------
Sample size: 100
Total number of edges: 98
./data/trust/sample_100.csv
Start time:0.03261

Queried tuple: 1 2
Start time:4.93692
------------------------------------------------
Sample size: 150
Total number of edges: 153
./data/trust/sample_150.csv
Start time:0.032815

Queried tuple: 1 2
Start time:28.3455
------------------------------------------------
Sample size: 200
Total number of edges: 203
./data/trust/sample_200.csv
Start time:0.032131

Queried tuple: 1 4
Start time:109.038
------------------------------------------------
Sample size: 250
Total number of edges: 246
./data/trust/sample_250.csv
Start time:0.03269

Queried tuple: 1 2
Start time:194.766
------------------------------------------------
Sample size: 300
Total number of edges: 299
./data/trust/sample_300.csv
Start time:0.032126

Queried tuple: 1 2
Start time:463.199
------------------------------------------------
Sample size: 350
Total number of edges: 351
./data/trust/sample_350.csv
Start time:0.033506

Queried tuple: 1 2
Start time:654.884
------------------------------------------------
Sample size: 400
Total number of edges: 398
./data/trust/sample_400.csv
Start time:0.034674

Queried tuple: 1 2
Start time:838.798
------------------------------------------------
Sample size: 450
Total number of edges: 455
./data/trust/sample_450.csv
Start time:0.031382

Queried tuple: 1 4
Start time:2079.83
------------------------------------------------
Sample size: 500
Total number of edges: 497
./data/trust/sample_500.csv
Start time:0.029605

Queried tuple: 1 2
Start time:1902.36
------------------------------------------------
This is the 5 round.
Sample size: 50
Total number of edges: 46
./data/trust/sample_50.csv
Start time:0.031219

Queried tuple: 1 4
Start time:0.648562
------------------------------------------------
Sample size: 100
Total number of edges: 97
./data/trust/sample_100.csv
Start time:0.034831

Queried tuple: 1 2
Start time:7.14972
------------------------------------------------
Sample size: 150
Total number of edges: 152
./data/trust/sample_150.csv
Start time:0.032803

Queried tuple: 1 2
Start time:25.9406
------------------------------------------------
Sample size: 200
Total number of edges: 197
./data/trust/sample_200.csv
Start time:0.029975

Queried tuple: 1 2
Start time:113.322
------------------------------------------------
Sample size: 250
Total number of edges: 245
./data/trust/sample_250.csv
Start time:0.028422

Queried tuple: 1 2
Start time:160.009
------------------------------------------------
Sample size: 300
Total number of edges: 299
./data/trust/sample_300.csv
Start time:0.031528

Queried tuple: 1 2
Start time:407.014
------------------------------------------------
Sample size: 350
Total number of edges: 345
./data/trust/sample_350.csv
Start time:0.033097

Queried tuple: 1 2
Start time:496.409
------------------------------------------------
Sample size: 400
Total number of edges: 397
./data/trust/sample_400.csv
Start time:0.034373

Queried tuple: 1 2
Start time:1294.84
------------------------------------------------
Sample size: 450
Total number of edges: 449
./data/trust/sample_450.csv
Start time:0.021763

Queried tuple: 1 2
Start time:2998.78
------------------------------------------------
Sample size: 500
Total number of edges: 495
./data/trust/sample_500.csv
Start time:0.032165

Queried tuple: 1 2
Start time:2353.36
------------------------------------------------
